Using pre-set license
Built from '2022.3/staging' branch; Version is '2022.3.27f1 (73effa14754f) revision 7598074'; Using compiler version '192829333'; Build Type 'Release'
OS: 'Windows 11  (10.0.22631) 64bit CoreSingleLanguage' Language: 'en' Physical Memory: 16163 MB
BatchMode: 1, IsHumanControllingUs: 0, StartBugReporterOnCrash: 0, Is64bit: 1, IsPro: 1

COMMAND LINE ARGUMENTS:
E:\UnityEditor\2022.3.27f1\Editor\Unity.exe
-adb2
-batchMode
-noUpm
-name
AssetImportWorker4
-projectPath
F:/Unity_Project/Editor/PC/Online/3D/Survival Game
-logFile
Logs/AssetImportWorker4.log
-srvPort
50747
Successfully changed project path to: F:/Unity_Project/Editor/PC/Online/3D/Survival Game
F:/Unity_Project/Editor/PC/Online/3D/Survival Game
[UnityMemory] Configuration Parameters - Can be set up in boot.config
    "memorysetup-bucket-allocator-granularity=16"
    "memorysetup-bucket-allocator-bucket-count=8"
    "memorysetup-bucket-allocator-block-size=33554432"
    "memorysetup-bucket-allocator-block-count=8"
    "memorysetup-main-allocator-block-size=16777216"
    "memorysetup-thread-allocator-block-size=16777216"
    "memorysetup-gfx-main-allocator-block-size=16777216"
    "memorysetup-gfx-thread-allocator-block-size=16777216"
    "memorysetup-cache-allocator-block-size=4194304"
    "memorysetup-typetree-allocator-block-size=2097152"
    "memorysetup-profiler-bucket-allocator-granularity=16"
    "memorysetup-profiler-bucket-allocator-bucket-count=8"
    "memorysetup-profiler-bucket-allocator-block-size=33554432"
    "memorysetup-profiler-bucket-allocator-block-count=8"
    "memorysetup-profiler-allocator-block-size=16777216"
    "memorysetup-profiler-editor-allocator-block-size=1048576"
    "memorysetup-temp-allocator-size-main=16777216"
    "memorysetup-job-temp-allocator-block-size=2097152"
    "memorysetup-job-temp-allocator-block-size-background=1048576"
    "memorysetup-job-temp-allocator-reduction-small-platforms=262144"
    "memorysetup-allocator-temp-initial-block-size-main=262144"
    "memorysetup-allocator-temp-initial-block-size-worker=262144"
    "memorysetup-temp-allocator-size-background-worker=32768"
    "memorysetup-temp-allocator-size-job-worker=262144"
    "memorysetup-temp-allocator-size-preload-manager=33554432"
    "memorysetup-temp-allocator-size-nav-mesh-worker=65536"
    "memorysetup-temp-allocator-size-audio-worker=65536"
    "memorysetup-temp-allocator-size-cloud-worker=32768"
    "memorysetup-temp-allocator-size-gi-baking-worker=262144"
    "memorysetup-temp-allocator-size-gfx=262144"
Player connection [15896] Host "[IP] 192.168.0.104 [Port] 0 [Flags] 2 [Guid] 2694859488 [EditorId] 2694859488 [Version] 1048832 [Id] WindowsEditor(7,MQuang) [Debug] 1 [PackageName] WindowsEditor [ProjectName] Editor" joined multi-casting on [225.0.0.222:54997]...

Player connection [15896] Host "[IP] 192.168.0.104 [Port] 0 [Flags] 2 [Guid] 2694859488 [EditorId] 2694859488 [Version] 1048832 [Id] WindowsEditor(7,MQuang) [Debug] 1 [PackageName] WindowsEditor [ProjectName] Editor" joined alternative multi-casting on [225.0.0.222:34997]...

[Physics::Module] Initialized MultithreadedJobDispatcher with 11 workers.
Refreshing native plugins compatible for Editor in 8.29 ms, found 3 plugins.
Preloading 0 native plugins for Editor in 0.00 ms.
Initialize engine version: 2022.3.27f1 (73effa14754f)
[Subsystems] Discovering subsystems at path E:/UnityEditor/2022.3.27f1/Editor/Data/Resources/UnitySubsystems
[Subsystems] Discovering subsystems at path F:/Unity_Project/Editor/PC/Online/3D/Survival Game/Assets
GfxDevice: creating device client; threaded=0; jobified=0
Direct3D:
    Version:  Direct3D 11.0 [level 11.1]
    Renderer: NVIDIA GeForce GTX 1650 (ID=0x1f9d)
    Vendor:   NVIDIA
    VRAM:     3962 MB
    Driver:   31.0.15.1748
Initialize mono
Mono path[0] = 'E:/UnityEditor/2022.3.27f1/Editor/Data/Managed'
Mono path[1] = 'E:/UnityEditor/2022.3.27f1/Editor/Data/MonoBleedingEdge/lib/mono/unityjit-win32'
Mono config path = 'E:/UnityEditor/2022.3.27f1/Editor/Data/MonoBleedingEdge/etc'
Using monoOptions --debugger-agent=transport=dt_socket,embedding=1,server=y,suspend=n,address=127.0.0.1:56920
Begin MonoManager ReloadAssembly
Registering precompiled unity dll's ...
Register platform support module: E:/UnityEditor/2022.3.27f1/Editor/Data/PlaybackEngines/WebGLSupport/UnityEditor.WebGL.Extensions.dll
Register platform support module: E:/UnityEditor/2022.3.27f1/Editor/Data/PlaybackEngines/AndroidPlayer/UnityEditor.Android.Extensions.dll
Register platform support module: E:/UnityEditor/2022.3.27f1/Editor/Data/PlaybackEngines/WindowsStandaloneSupport/UnityEditor.WindowsStandalone.Extensions.dll
Registered in 0.002779 seconds.
- Loaded All Assemblies, in  0.272 seconds
Native extension for WindowsStandalone target not found
Native extension for Android target not found
Android Extension - Scanning For ADB Devices 171 ms
Native extension for WebGL target not found
Mono: successfully reloaded assembly
- Finished resetting the current domain, in  0.429 seconds
Domain Reload Profiling: 702ms
	BeginReloadAssembly (79ms)
		ExecutionOrderSort (0ms)
		DisableScriptedObjects (0ms)
		BackupInstance (0ms)
		ReleaseScriptingObjects (0ms)
		CreateAndSetChildDomain (1ms)
	RebuildCommonClasses (27ms)
	RebuildNativeTypeToScriptingClass (9ms)
	initialDomainReloadingComplete (38ms)
	LoadAllAssembliesAndSetupDomain (119ms)
		LoadAssemblies (78ms)
		RebuildTransferFunctionScriptingTraits (0ms)
		AnalyzeDomain (117ms)
			TypeCache.Refresh (116ms)
				TypeCache.ScanAssembly (104ms)
			ScanForSourceGeneratedMonoScriptInfo (0ms)
			ResolveRequiredComponents (0ms)
	FinalizeReload (430ms)
		ReleaseScriptCaches (0ms)
		RebuildScriptCaches (0ms)
		SetupLoadedEditorAssemblies (382ms)
			LogAssemblyErrors (0ms)
			InitializePlatformSupportModulesInManaged (255ms)
			SetLoadedEditorAssemblies (3ms)
			RefreshPlugins (0ms)
			BeforeProcessingInitializeOnLoad (2ms)
			ProcessInitializeOnLoadAttributes (88ms)
			ProcessInitializeOnLoadMethodAttributes (34ms)
			AfterProcessingInitializeOnLoad (0ms)
			EditorAssembliesLoaded (0ms)
		ExecutionOrderSort2 (0ms)
		AwakeInstancesAfterBackupRestoration (0ms)
========================================================================
Worker process is ready to serve import requests
Begin MonoManager ReloadAssembly
- Loaded All Assemblies, in  0.576 seconds
Refreshing native plugins compatible for Editor in 2.31 ms, found 3 plugins.
Native extension for WindowsStandalone target not found
Native extension for Android target not found
Native extension for WebGL target not found
Package Manager log level set to [2]
[Package Manager] Server::EnsureServerProcessIsRunning -- launch failed, reason: Unity was launched with the -noUpm command-line argument
[Package Manager] UpmClient::Send -- Unable to send message (not connected to UPM process).
[Package Manager] Cannot connect to Unity Package Manager local server
Mono: successfully reloaded assembly
- Finished resetting the current domain, in  0.661 seconds
Domain Reload Profiling: 1237ms
	BeginReloadAssembly (112ms)
		ExecutionOrderSort (0ms)
		DisableScriptedObjects (5ms)
		BackupInstance (0ms)
		ReleaseScriptingObjects (0ms)
		CreateAndSetChildDomain (20ms)
	RebuildCommonClasses (27ms)
	RebuildNativeTypeToScriptingClass (9ms)
	initialDomainReloadingComplete (30ms)
	LoadAllAssembliesAndSetupDomain (397ms)
		LoadAssemblies (246ms)
		RebuildTransferFunctionScriptingTraits (0ms)
		AnalyzeDomain (212ms)
			TypeCache.Refresh (176ms)
				TypeCache.ScanAssembly (156ms)
			ScanForSourceGeneratedMonoScriptInfo (24ms)
			ResolveRequiredComponents (10ms)
	FinalizeReload (662ms)
		ReleaseScriptCaches (0ms)
		RebuildScriptCaches (0ms)
		SetupLoadedEditorAssemblies (502ms)
			LogAssemblyErrors (0ms)
			InitializePlatformSupportModulesInManaged (19ms)
			SetLoadedEditorAssemblies (5ms)
			RefreshPlugins (0ms)
			BeforeProcessingInitializeOnLoad (63ms)
			ProcessInitializeOnLoadAttributes (352ms)
			ProcessInitializeOnLoadMethodAttributes (61ms)
			AfterProcessingInitializeOnLoad (2ms)
			EditorAssembliesLoaded (0ms)
		ExecutionOrderSort2 (0ms)
		AwakeInstancesAfterBackupRestoration (5ms)
Launched and connected shader compiler UnityShaderCompiler.exe after 0.03 seconds
Refreshing native plugins compatible for Editor in 2.09 ms, found 3 plugins.
Preloading 0 native plugins for Editor in 0.00 ms.
Unloading 5589 Unused Serialized files (Serialized files now loaded: 0)
Unloading 96 unused Assets / (426.0 KB). Loaded Objects now: 6050.
Memory consumption went from 223.3 MB to 222.9 MB.
Total: 3.952100 ms (FindLiveObjects: 0.434600 ms CreateObjectMapping: 0.253400 ms MarkObjects: 2.984100 ms  DeleteObjects: 0.278500 ms)

AssetImportParameters requested are different than current active one (requested -> active):
  custom:container-demuxer-ogg: 62fdf1f143b41e24485cea50d1cbac27 -> 
  custom:video-codec-MediaFoundation-h265: 746d11721c4dcdbdad8f713fa42b33f4 -> 
  custom:video-decoder-ogg-theora: a1e56fd34408186e4bbccfd4996cb3dc -> 
  custom:framework-win-MediaFoundation: 216162199b28c13a410421893ffa2e32 -> 
  custom:CustomObjectIndexerAttribute: 72b91833f83ae208fae7752999fa3104 -> 
  custom:container-demuxer-webm: 4f35f7cbe854078d1ac9338744f61a02 -> 
  custom:container-muxer-webm: aa71ff27fc2769a1b78a27578f13a17b -> 
  custom:video-decoder-webm-vp8: 9c59270c3fd7afecdb556c50c9e8de78 -> 
  custom:SearchIndexIgnoredProperties: e643bd26f0fe6173181afceb89e7c659 -> 
  custom:AudioImporter_EditorPlatform: d09bf68614088b80899f8185d706f6e7 -> 
  custom:video-encoder-webm-vp8: eb34c28f22e8b96e1ab97ce403110664 -> 
  custom:audio-decoder-ogg-vorbis: bf7c407c2cedff20999df2af8eb42d56 -> 
  custom:audio-encoder-webm-vorbis: bf7c407c2cedff20999df2af8eb42d56 -> 
========================================================================
Received Import Request.
  Time since last request: 2871.499143 seconds.
  path: Assets/G_Asset/Local/Character/Assets/fbx/smokebomb.fbx
  artifactKey: Guid(750654f026790904cb055e82d825e04d) Importer(815301076,1909f56bfc062723c751e8b465ee728b)
Start importing Assets/G_Asset/Local/Character/Assets/fbx/smokebomb.fbx using Guid(750654f026790904cb055e82d825e04d) Importer(815301076,1909f56bfc062723c751e8b465ee728b)  -> (artifact id: '6802c889a4ca9104d88b251cbbe572b4') in 0.304985 seconds
Number of updated asset objects reloaded before import = 0
Number of asset objects unloaded after import = 10
========================================================================
Received Import Request.
  Time since last request: 1.939495 seconds.
  path: Assets/G_Asset/Local/Character/Assets/fbx/staff.fbx
  artifactKey: Guid(469bd4c162a7aba43a24973ef33925e7) Importer(815301076,1909f56bfc062723c751e8b465ee728b)
Start importing Assets/G_Asset/Local/Character/Assets/fbx/staff.fbx using Guid(469bd4c162a7aba43a24973ef33925e7) Importer(815301076,1909f56bfc062723c751e8b465ee728b)  -> (artifact id: '63bb1cf0c5168c5124f3f09d2fce37b2') in 0.058374 seconds
Number of updated asset objects reloaded before import = 0
Number of asset objects unloaded after import = 10
========================================================================
Received Import Request.
  Time since last request: 0.000039 seconds.
  path: Assets/G_Asset/Local/Character/Assets/fbx/wand.fbx
  artifactKey: Guid(e5956bbfa4587e746931af9e58522da2) Importer(815301076,1909f56bfc062723c751e8b465ee728b)
Start importing Assets/G_Asset/Local/Character/Assets/fbx/wand.fbx using Guid(e5956bbfa4587e746931af9e58522da2) Importer(815301076,1909f56bfc062723c751e8b465ee728b)  -> (artifact id: '68c355e9fddc9320e460c6a205117125') in 0.030579 seconds
Number of updated asset objects reloaded before import = 0
Number of asset objects unloaded after import = 10
========================================================================
Received Import Request.
  Time since last request: 187.756165 seconds.
  path: Assets/G_Asset/Internal/Tilemap/hex_forest_roadJ 1.prefab
  artifactKey: Guid(9ad26e36ba84e664ab47f98a26851607) Importer(815301076,1909f56bfc062723c751e8b465ee728b)
Start importing Assets/G_Asset/Internal/Tilemap/hex_forest_roadJ 1.prefab using Guid(9ad26e36ba84e664ab47f98a26851607) Importer(815301076,1909f56bfc062723c751e8b465ee728b)  -> (artifact id: 'df270aa64442864974d745077ae2b931') in 0.021157 seconds
Number of updated asset objects reloaded before import = 0
Number of asset objects unloaded after import = 15
========================================================================
Received Import Request.
  Time since last request: 0.000023 seconds.
  path: Assets/G_Asset/Internal/Tilemap/hex_forest_waterA_detail.prefab
  artifactKey: Guid(f0482eaf8bd7c3f4a944858584abac5e) Importer(815301076,1909f56bfc062723c751e8b465ee728b)
Start importing Assets/G_Asset/Internal/Tilemap/hex_forest_waterA_detail.prefab using Guid(f0482eaf8bd7c3f4a944858584abac5e) Importer(815301076,1909f56bfc062723c751e8b465ee728b)  -> (artifact id: '72efc4762e485b49180cbc26a1f34263') in 0.020144 seconds
Number of updated asset objects reloaded before import = 0
Number of asset objects unloaded after import = 16
========================================================================
Received Import Request.
  Time since last request: 0.000028 seconds.
  path: Assets/G_Asset/Internal/Tilemap/hex_forest_waterC_detail.prefab
  artifactKey: Guid(1394dfc7f8c8fd0458ea102ea8538fe6) Importer(815301076,1909f56bfc062723c751e8b465ee728b)
Start importing Assets/G_Asset/Internal/Tilemap/hex_forest_waterC_detail.prefab using Guid(1394dfc7f8c8fd0458ea102ea8538fe6) Importer(815301076,1909f56bfc062723c751e8b465ee728b)  -> (artifact id: 'e36a8342b3862667e9ffa884c14bb1cb') in 0.014685 seconds
Number of updated asset objects reloaded before import = 0
Number of asset objects unloaded after import = 16
========================================================================
Received Import Request.
  Time since last request: 0.000045 seconds.
  path: Assets/G_Asset/Internal/Tilemap/hex_forest_transitionA.prefab
  artifactKey: Guid(b6b7646a22fe2bd4dbaff9dd3e5304e5) Importer(815301076,1909f56bfc062723c751e8b465ee728b)
Start importing Assets/G_Asset/Internal/Tilemap/hex_forest_transitionA.prefab using Guid(b6b7646a22fe2bd4dbaff9dd3e5304e5) Importer(815301076,1909f56bfc062723c751e8b465ee728b)  -> (artifact id: 'b06707204dda24685c17ade396f77dc0') in 0.022099 seconds
Number of updated asset objects reloaded before import = 0
Number of asset objects unloaded after import = 16
========================================================================
Received Import Request.
  Time since last request: 0.000053 seconds.
  path: Assets/G_Asset/Internal/Tilemap/hex_forest_roadK.prefab
  artifactKey: Guid(d7471b511a9bb7f40b4da6d5a7b949f2) Importer(815301076,1909f56bfc062723c751e8b465ee728b)
Start importing Assets/G_Asset/Internal/Tilemap/hex_forest_roadK.prefab using Guid(d7471b511a9bb7f40b4da6d5a7b949f2) Importer(815301076,1909f56bfc062723c751e8b465ee728b)  -> (artifact id: '00000000000000000000000000000000') in 0.011597 seconds
Import Error Code:(4)
Message: Build asset version error: assets/g_asset/internal/tilemap/hex_forest_roadk.prefab in SourceAssetDB has modification time of '2024-05-07T01:04:44.270573Z' while content on disk has modification time of '2024-05-07T01:04:44.7037074Z'
  ERROR: Build asset version error: assets/g_asset/internal/tilemap/hex_forest_roadk.prefab in SourceAssetDB has modification time of '2024-05-07T01:04:44.270573Z' while content on disk has modification time of '2024-05-07T01:04:44.7037074Z'
Number of updated asset objects reloaded before import = 0
Number of asset objects unloaded after import = 9
========================================================================
Received Import Request.
  Time since last request: 0.000043 seconds.
  path: Assets/G_Asset/Internal/Tilemap/hex_forest_waterB_detail.prefab
  artifactKey: Guid(e9b523f8c7e3dac409f7c24455abe50c) Importer(815301076,1909f56bfc062723c751e8b465ee728b)
Start importing Assets/G_Asset/Internal/Tilemap/hex_forest_waterB_detail.prefab using Guid(e9b523f8c7e3dac409f7c24455abe50c) Importer(815301076,1909f56bfc062723c751e8b465ee728b)  -> (artifact id: 'baa8a554e6ea20952990f8747c979640') in 0.016317 seconds
Number of updated asset objects reloaded before import = 0
Number of asset objects unloaded after import = 16
========================================================================
Received Import Request.
  Time since last request: 0.309791 seconds.
  path: Assets/G_Asset/Internal/Tilemap/hex_forest_roadJ 1.prefab
  artifactKey: Guid(9ad26e36ba84e664ab47f98a26851607) Importer(815301076,1909f56bfc062723c751e8b465ee728b)
Start importing Assets/G_Asset/Internal/Tilemap/hex_forest_roadJ 1.prefab using Guid(9ad26e36ba84e664ab47f98a26851607) Importer(815301076,1909f56bfc062723c751e8b465ee728b)  -> (artifact id: '8748bade1e2884cd85846375021f7ca0') in 0.017747 seconds
Number of updated asset objects reloaded before import = 0
Number of asset objects unloaded after import = 15
========================================================================
Received Import Request.
  Time since last request: 0.000032 seconds.
  path: Assets/G_Asset/Internal/Tilemap/hex_forest_waterA 2.prefab
  artifactKey: Guid(5fb30f8cddcfc454c9ab55d02699ea31) Importer(815301076,1909f56bfc062723c751e8b465ee728b)
Start importing Assets/G_Asset/Internal/Tilemap/hex_forest_waterA 2.prefab using Guid(5fb30f8cddcfc454c9ab55d02699ea31) Importer(815301076,1909f56bfc062723c751e8b465ee728b)  -> (artifact id: '638249a032e094b4e650621cf759be81') in 0.020699 seconds
Number of updated asset objects reloaded before import = 0
Number of asset objects unloaded after import = 15
========================================================================
Received Import Request.
  Time since last request: 0.000025 seconds.
  path: Assets/G_Asset/Internal/Tilemap/hex_forest_waterA 1.prefab
  artifactKey: Guid(06d20c4acd432f74a8006866f5a3a667) Importer(815301076,1909f56bfc062723c751e8b465ee728b)
Start importing Assets/G_Asset/Internal/Tilemap/hex_forest_waterA 1.prefab using Guid(06d20c4acd432f74a8006866f5a3a667) Importer(815301076,1909f56bfc062723c751e8b465ee728b)  -> (artifact id: '54c5a235714afa4e32362d3d982343ac') in 0.020315 seconds
Number of updated asset objects reloaded before import = 0
Number of asset objects unloaded after import = 15
========================================================================
Received Import Request.
  Time since last request: 0.000039 seconds.
  path: Assets/G_Asset/Internal/Tilemap/hex_forest_roadL.prefab
  artifactKey: Guid(91407597fb74c5949ac62a79cdc60403) Importer(815301076,1909f56bfc062723c751e8b465ee728b)
Start importing Assets/G_Asset/Internal/Tilemap/hex_forest_roadL.prefab using Guid(91407597fb74c5949ac62a79cdc60403) Importer(815301076,1909f56bfc062723c751e8b465ee728b)  -> (artifact id: '64136064f0e4e6d3ff90b0ac7bf67220') in 0.019377 seconds
Number of updated asset objects reloaded before import = 0
Number of asset objects unloaded after import = 15
========================================================================
Received Import Request.
  Time since last request: 0.000032 seconds.
  path: Assets/G_Asset/Internal/Tilemap/hex_forest_waterA.prefab
  artifactKey: Guid(aeb316a0eefee0f479c18bc6deb039d2) Importer(815301076,1909f56bfc062723c751e8b465ee728b)
Start importing Assets/G_Asset/Internal/Tilemap/hex_forest_waterA.prefab using Guid(aeb316a0eefee0f479c18bc6deb039d2) Importer(815301076,1909f56bfc062723c751e8b465ee728b)  -> (artifact id: '227fc698d9fa45b297a9319704e38f4d') in 0.015620 seconds
Number of updated asset objects reloaded before import = 0
Number of asset objects unloaded after import = 15
========================================================================
Received Import Request.
  Time since last request: 0.000026 seconds.
  path: Assets/G_Asset/Internal/Tilemap/hex_forest_transitionB.prefab
  artifactKey: Guid(594d5d88f3cb7534eb0bba69475a4526) Importer(815301076,1909f56bfc062723c751e8b465ee728b)
Start importing Assets/G_Asset/Internal/Tilemap/hex_forest_transitionB.prefab using Guid(594d5d88f3cb7534eb0bba69475a4526) Importer(815301076,1909f56bfc062723c751e8b465ee728b)  -> (artifact id: '36ea9c0c082a19677a7a2cab5b75242a') in 0.016880 seconds
Number of updated asset objects reloaded before import = 0
Number of asset objects unloaded after import = 16
========================================================================
Received Import Request.
  Time since last request: 0.000064 seconds.
  path: Assets/G_Asset/Internal/Tilemap/hex_forest_waterD_detail.prefab
  artifactKey: Guid(1f86fb21bed97cf4f802b11f88e74236) Importer(815301076,1909f56bfc062723c751e8b465ee728b)
Start importing Assets/G_Asset/Internal/Tilemap/hex_forest_waterD_detail.prefab using Guid(1f86fb21bed97cf4f802b11f88e74236) Importer(815301076,1909f56bfc062723c751e8b465ee728b)  -> (artifact id: '8b430c293e69818a1e3a9e5501535b0b') in 0.019721 seconds
Number of updated asset objects reloaded before import = 0
Number of asset objects unloaded after import = 16
========================================================================
Received Import Request.
  Time since last request: 2.261473 seconds.
  path: Assets/G_Asset/Internal/Tilemap/hex_forest_roadJ 1.prefab
  artifactKey: Guid(9ad26e36ba84e664ab47f98a26851607) Importer(815301076,1909f56bfc062723c751e8b465ee728b)
Start importing Assets/G_Asset/Internal/Tilemap/hex_forest_roadJ 1.prefab using Guid(9ad26e36ba84e664ab47f98a26851607) Importer(815301076,1909f56bfc062723c751e8b465ee728b)  -> (artifact id: '0b74f28ebf3858cdf25e95ea26658160') in 0.015621 seconds
Number of updated asset objects reloaded before import = 0
Number of asset objects unloaded after import = 15
========================================================================
Received Import Request.
  Time since last request: 0.000023 seconds.
  path: Assets/G_Asset/Internal/Tilemap/hex_forest_waterA 2.prefab
  artifactKey: Guid(5fb30f8cddcfc454c9ab55d02699ea31) Importer(815301076,1909f56bfc062723c751e8b465ee728b)
Start importing Assets/G_Asset/Internal/Tilemap/hex_forest_waterA 2.prefab using Guid(5fb30f8cddcfc454c9ab55d02699ea31) Importer(815301076,1909f56bfc062723c751e8b465ee728b)  -> (artifact id: '588c00d3afd93168df26c4e7706bf1ff') in 0.015491 seconds
Number of updated asset objects reloaded before import = 0
Number of asset objects unloaded after import = 15
========================================================================
Received Import Request.
  Time since last request: 0.000024 seconds.
  path: Assets/G_Asset/Internal/Tilemap/hex_forest_waterC_detail.prefab
  artifactKey: Guid(1394dfc7f8c8fd0458ea102ea8538fe6) Importer(815301076,1909f56bfc062723c751e8b465ee728b)
Start importing Assets/G_Asset/Internal/Tilemap/hex_forest_waterC_detail.prefab using Guid(1394dfc7f8c8fd0458ea102ea8538fe6) Importer(815301076,1909f56bfc062723c751e8b465ee728b)  -> (artifact id: '218f841fbdaffb1c71281d2fa84857c2') in 0.026344 seconds
Number of updated asset objects reloaded before import = 0
Number of asset objects unloaded after import = 16
========================================================================
Received Import Request.
  Time since last request: 0.000026 seconds.
  path: Assets/G_Asset/Internal/Tilemap/hex_forest_transitionA.prefab
  artifactKey: Guid(b6b7646a22fe2bd4dbaff9dd3e5304e5) Importer(815301076,1909f56bfc062723c751e8b465ee728b)
Start importing Assets/G_Asset/Internal/Tilemap/hex_forest_transitionA.prefab using Guid(b6b7646a22fe2bd4dbaff9dd3e5304e5) Importer(815301076,1909f56bfc062723c751e8b465ee728b)  -> (artifact id: '5185f73a6771424f6b639255cf06f781') in 0.022732 seconds
Number of updated asset objects reloaded before import = 0
Number of asset objects unloaded after import = 16
========================================================================
Received Import Request.
  Time since last request: 0.000022 seconds.
  path: Assets/G_Asset/Internal/Tilemap/hex_forest_waterA.prefab
  artifactKey: Guid(aeb316a0eefee0f479c18bc6deb039d2) Importer(815301076,1909f56bfc062723c751e8b465ee728b)
Start importing Assets/G_Asset/Internal/Tilemap/hex_forest_waterA.prefab using Guid(aeb316a0eefee0f479c18bc6deb039d2) Importer(815301076,1909f56bfc062723c751e8b465ee728b)  -> (artifact id: '1184349030f55091ce044b48872e5884') in 0.015739 seconds
Number of updated asset objects reloaded before import = 0
Number of asset objects unloaded after import = 15
========================================================================
Received Import Request.
  Time since last request: 0.000032 seconds.
  path: Assets/G_Asset/Internal/Tilemap/hex_forest_transitionB.prefab
  artifactKey: Guid(594d5d88f3cb7534eb0bba69475a4526) Importer(815301076,1909f56bfc062723c751e8b465ee728b)
Start importing Assets/G_Asset/Internal/Tilemap/hex_forest_transitionB.prefab using Guid(594d5d88f3cb7534eb0bba69475a4526) Importer(815301076,1909f56bfc062723c751e8b465ee728b)  -> (artifact id: 'd3341cff2d12353a530790d28e64f569') in 0.014715 seconds
Number of updated asset objects reloaded before import = 0
Number of asset objects unloaded after import = 16
========================================================================
Received Import Request.
  Time since last request: 0.000022 seconds.
  path: Assets/G_Asset/Internal/Tilemap/hex_forest_waterD_detail.prefab
  artifactKey: Guid(1f86fb21bed97cf4f802b11f88e74236) Importer(815301076,1909f56bfc062723c751e8b465ee728b)
Start importing Assets/G_Asset/Internal/Tilemap/hex_forest_waterD_detail.prefab using Guid(1f86fb21bed97cf4f802b11f88e74236) Importer(815301076,1909f56bfc062723c751e8b465ee728b)  -> (artifact id: '2430771c2f28b36829a646893a54a885') in 0.018707 seconds
Number of updated asset objects reloaded before import = 0
Number of asset objects unloaded after import = 16
